2014-03-01 22:28:50.130 tagIt[44034:80b] Multi-tasking -> Device: YES, App: YES
2014-03-01 22:28:50.140 tagIt[44034:80b] Unlimited access to network resources
2014-03-01 22:28:50.325 tagIt[44034:80b] Resetting plugins due to page load.
2014-03-01 22:28:50.429 tagIt[44034:80b] Finished load of: file:///Users/paulrondeau/Library/Application%20Support/iPhone%20Simulator/7.0.3/Applications/7BDDA4CF-CDD1-457E-8C03-E6A6A818F3B9/tagIt.app/www/index.html
2014-03-01 22:49:31.460 tagIt[45350:80b] Multi-tasking -> Device: YES, App: YES
2014-03-01 22:49:31.472 tagIt[45350:80b] Unlimited access to network resources
2014-03-01 22:49:31.570 tagIt[45350:80b] Resetting plugins due to page load.
2014-03-01 22:49:31.711 tagIt[45350:80b] Finished load of: file:///Users/paulrondeau/Library/Application%20Support/iPhone%20Simulator/7.0.3/Applications/7BDDA4CF-CDD1-457E-8C03-E6A6A818F3B9/tagIt.app/www/index.html
2014-03-02 11:07:29.652 tagIt[48758:80b] Multi-tasking -> Device: YES, App: YES
2014-03-02 11:07:29.689 tagIt[48758:80b] Unlimited access to network resources
2014-03-02 11:07:30.201 tagIt[48758:80b] Resetting plugins due to page load.
2014-03-02 11:07:30.723 tagIt[48758:80b] Finished load of: file:///Users/paulrondeau/Library/Application%20Support/iPhone%20Simulator/7.0.3/Applications/7BDDA4CF-CDD1-457E-8C03-E6A6A818F3B9/tagIt.app/www/index.html
2014-03-02 11:13:59.502 tagIt[48968:80b] Multi-tasking -> Device: YES, App: YES
2014-03-02 11:13:59.514 tagIt[48968:80b] Unlimited access to network resources
2014-03-02 11:13:59.755 tagIt[48968:80b] Resetting plugins due to page load.
2014-03-02 11:14:00.083 tagIt[48968:80b] Finished load of: file:///Users/paulrondeau/Library/Application%20Support/iPhone%20Simulator/7.0.3/Applications/7BDDA4CF-CDD1-457E-8C03-E6A6A818F3B9/tagIt.app/www/index.html
2014-03-02 11:17:35.871 tagIt[49268:80b] Multi-tasking -> Device: YES, App: YES
2014-03-02 11:17:35.883 tagIt[49268:80b] Unlimited access to network resources
2014-03-02 11:17:36.142 tagIt[49268:80b] Resetting plugins due to page load.
2014-03-02 11:17:36.465 tagIt[49268:80b] Finished load of: file:///Users/paulrondeau/Library/Application%20Support/iPhone%20Simulator/7.0.3/Applications/7BDDA4CF-CDD1-457E-8C03-E6A6A818F3B9/tagIt.app/www/index.html
2014-03-02 11:25:39.187 tagIt[49451:80b] Multi-tasking -> Device: YES, App: YES
2014-03-02 11:25:39.198 tagIt[49451:80b] Unlimited access to network resources
2014-03-02 11:25:39.466 tagIt[49451:80b] Resetting plugins due to page load.
2014-03-02 11:25:39.743 tagIt[49451:80b] Finished load of: file:///Users/paulrondeau/Library/Application%20Support/iPhone%20Simulator/7.0.3/Applications/7BDDA4CF-CDD1-457E-8C03-E6A6A818F3B9/tagIt.app/www/index.html
2014-03-02 11:25:53.688 tagIt[49451:80b] Resetting plugins due to page load.
2014-03-02 11:25:53.869 tagIt[49451:80b] Finished load of: file:///Users/paulrondeau/Library/Application%20Support/iPhone%20Simulator/7.0.3/Applications/7BDDA4CF-CDD1-457E-8C03-E6A6A818F3B9/tagIt.app/www/index.html
2014-03-02 11:48:36.733 tagIt[49727:80b] Multi-tasking -> Device: YES, App: YES
2014-03-02 11:48:36.746 tagIt[49727:80b] Unlimited access to network resources
2014-03-02 11:48:37.002 tagIt[49727:80b] Resetting plugins due to page load.
2014-03-02 11:48:37.376 tagIt[49727:80b] Finished load of: file:///Users/paulrondeau/Library/Application%20Support/iPhone%20Simulator/7.0.3/Applications/7BDDA4CF-CDD1-457E-8C03-E6A6A818F3B9/tagIt.app/www/index.html
2014-03-02 11:50:11.178 tagIt[49877:80b] Multi-tasking -> Device: YES, App: YES
2014-03-02 11:50:11.190 tagIt[49877:80b] Unlimited access to network resources
2014-03-02 11:50:11.441 tagIt[49877:80b] Resetting plugins due to page load.
2014-03-02 11:50:11.760 tagIt[49877:80b] Finished load of: file:///Users/paulrondeau/Library/Application%20Support/iPhone%20Simulator/7.0.3/Applications/7BDDA4CF-CDD1-457E-8C03-E6A6A818F3B9/tagIt.app/www/index.html
2014-03-02 11:57:45.092 tagIt[50044:80b] Multi-tasking -> Device: YES, App: YES
2014-03-02 11:57:45.104 tagIt[50044:80b] Unlimited access to network resources
2014-03-02 11:57:45.365 tagIt[50044:80b] Resetting plugins due to page load.
2014-03-02 11:57:45.703 tagIt[50044:80b] Finished load of: file:///Users/paulrondeau/Library/Application%20Support/iPhone%20Simulator/7.0.3/Applications/7BDDA4CF-CDD1-457E-8C03-E6A6A818F3B9/tagIt.app/www/index.html
2014-03-02 11:59:40.758 tagIt[50226:80b] Multi-tasking -> Device: YES, App: YES
2014-03-02 11:59:40.772 tagIt[50226:80b] Unlimited access to network resources
2014-03-02 11:59:41.012 tagIt[50226:80b] Resetting plugins due to page load.
2014-03-02 11:59:41.308 tagIt[50226:80b] Finished load of: file:///Users/paulrondeau/Library/Application%20Support/iPhone%20Simulator/7.0.3/Applications/7BDDA4CF-CDD1-457E-8C03-E6A6A818F3B9/tagIt.app/www/index.html
2014-03-02 11:59:45.322 tagIt[50226:80b] Resetting plugins due to page load.
2014-03-02 11:59:45.519 tagIt[50226:80b] Finished load of: file:///Users/paulrondeau/Library/Application%20Support/iPhone%20Simulator/7.0.3/Applications/7BDDA4CF-CDD1-457E-8C03-E6A6A818F3B9/tagIt.app/www/index.html
2014-03-02 12:00:23.408 tagIt[50370:80b] Multi-tasking -> Device: YES, App: YES
2014-03-02 12:00:23.419 tagIt[50370:80b] Unlimited access to network resources
2014-03-02 12:00:23.669 tagIt[50370:80b] Resetting plugins due to page load.
2014-03-02 12:00:23.997 tagIt[50370:80b] Finished load of: file:///Users/paulrondeau/Library/Application%20Support/iPhone%20Simulator/7.0.3/Applications/7BDDA4CF-CDD1-457E-8C03-E6A6A818F3B9/tagIt.app/www/index.html
2014-03-02 12:00:31.479 tagIt[50370:80b] Resetting plugins due to page load.
2014-03-02 12:00:31.703 tagIt[50370:80b] Finished load of: file:///Users/paulrondeau/Library/Application%20Support/iPhone%20Simulator/7.0.3/Applications/7BDDA4CF-CDD1-457E-8C03-E6A6A818F3B9/tagIt.app/www/index.html
2014-03-02 12:01:04.473 tagIt[50522:80b] Multi-tasking -> Device: YES, App: YES
2014-03-02 12:01:04.485 tagIt[50522:80b] Unlimited access to network resources
2014-03-02 12:01:04.776 tagIt[50522:80b] Resetting plugins due to page load.
2014-03-02 12:01:05.326 tagIt[50522:80b] Finished load of: file:///Users/paulrondeau/Library/Application%20Support/iPhone%20Simulator/7.0.3/Applications/7BDDA4CF-CDD1-457E-8C03-E6A6A818F3B9/tagIt.app/www/index.html
2014-03-02 12:01:27.118 tagIt[50522:80b] Resetting plugins due to page load.
2014-03-02 12:01:27.344 tagIt[50522:80b] Finished load of: file:///Users/paulrondeau/Library/Application%20Support/iPhone%20Simulator/7.0.3/Applications/7BDDA4CF-CDD1-457E-8C03-E6A6A818F3B9/tagIt.app/www/index.html
2014-03-02 12:01:59.749 tagIt[50662:80b] Multi-tasking -> Device: YES, App: YES
2014-03-02 12:01:59.761 tagIt[50662:80b] Unlimited access to network resources
2014-03-02 12:02:00.013 tagIt[50662:80b] Resetting plugins due to page load.
2014-03-02 12:02:00.380 tagIt[50662:80b] Finished load of: file:///Users/paulrondeau/Library/Application%20Support/iPhone%20Simulator/7.0.3/Applications/7BDDA4CF-CDD1-457E-8C03-E6A6A818F3B9/tagIt.app/www/index.html
2014-03-02 12:02:26.933 tagIt[50662:80b] Resetting plugins due to page load.
2014-03-02 12:02:27.137 tagIt[50662:80b] Finished load of: file:///Users/paulrondeau/Library/Application%20Support/iPhone%20Simulator/7.0.3/Applications/7BDDA4CF-CDD1-457E-8C03-E6A6A818F3B9/tagIt.app/www/index.html
2014-03-02 12:02:47.855 tagIt[50804:80b] Multi-tasking -> Device: YES, App: YES
2014-03-02 12:02:47.867 tagIt[50804:80b] Unlimited access to network resources
2014-03-02 12:02:48.129 tagIt[50804:80b] Resetting plugins due to page load.
2014-03-02 12:02:48.540 tagIt[50804:80b] Finished load of: file:///Users/paulrondeau/Library/Application%20Support/iPhone%20Simulator/7.0.3/Applications/7BDDA4CF-CDD1-457E-8C03-E6A6A818F3B9/tagIt.app/www/index.html
2014-03-02 12:03:01.187 tagIt[50804:80b] Resetting plugins due to page load.
2014-03-02 12:03:01.386 tagIt[50804:80b] Finished load of: file:///Users/paulrondeau/Library/Application%20Support/iPhone%20Simulator/7.0.3/Applications/7BDDA4CF-CDD1-457E-8C03-E6A6A818F3B9/tagIt.app/www/index.html
2014-03-02 12:04:08.366 tagIt[50953:80b] Multi-tasking -> Device: YES, App: YES
2014-03-02 12:04:08.377 tagIt[50953:80b] Unlimited access to network resources
2014-03-02 12:04:08.633 tagIt[50953:80b] Resetting plugins due to page load.
2014-03-02 12:04:08.945 tagIt[50953:80b] Finished load of: file:///Users/paulrondeau/Library/Application%20Support/iPhone%20Simulator/7.0.3/Applications/7BDDA4CF-CDD1-457E-8C03-E6A6A818F3B9/tagIt.app/www/index.html
2014-03-02 12:04:12.819 tagIt[50953:80b] Resetting plugins due to page load.
2014-03-02 12:04:13.032 tagIt[50953:80b] Finished load of: file:///Users/paulrondeau/Library/Application%20Support/iPhone%20Simulator/7.0.3/Applications/7BDDA4CF-CDD1-457E-8C03-E6A6A818F3B9/tagIt.app/www/index.html
2014-03-02 12:06:35.382 tagIt[51114:80b] Multi-tasking -> Device: YES, App: YES
2014-03-02 12:06:35.419 tagIt[51114:80b] Unlimited access to network resources
2014-03-02 12:06:36.099 tagIt[51114:80b] Resetting plugins due to page load.
2014-03-02 12:06:36.768 tagIt[51114:80b] Finished load of: file:///Users/paulrondeau/Library/Application%20Support/iPhone%20Simulator/7.0.3/Applications/7BDDA4CF-CDD1-457E-8C03-E6A6A818F3B9/tagIt.app/www/index.html
2014-03-02 12:09:05.739 tagIt[51277:80b] Multi-tasking -> Device: YES, App: YES
2014-03-02 12:09:05.773 tagIt[51277:80b] Unlimited access to network resources
2014-03-02 12:09:06.395 tagIt[51277:80b] Resetting plugins due to page load.
2014-03-02 12:09:06.922 tagIt[51277:80b] Finished load of: file:///Users/paulrondeau/Library/Application%20Support/iPhone%20Simulator/7.0.3/Applications/7BDDA4CF-CDD1-457E-8C03-E6A6A818F3B9/tagIt.app/www/index.html
2014-03-02 12:09:25.631 tagIt[51277:80b] Resetting plugins due to page load.
2014-03-02 12:09:26.198 tagIt[51277:80b] Finished load of: file:///Users/paulrondeau/Library/Application%20Support/iPhone%20Simulator/7.0.3/Applications/7BDDA4CF-CDD1-457E-8C03-E6A6A818F3B9/tagIt.app/www/index.html
Terminating in response to SpringBoard's termination.
2014-03-02 12:11:39.290 tagIt[51433:80b] Multi-tasking -> Device: YES, App: YES
2014-03-02 12:11:39.302 tagIt[51433:80b] Unlimited access to network resources
2014-03-02 12:11:39.587 tagIt[51433:80b] Resetting plugins due to page load.
2014-03-02 12:11:39.943 tagIt[51433:80b] Finished load of: file:///Users/paulrondeau/Library/Application%20Support/iPhone%20Simulator/7.0.3/Applications/7BDDA4CF-CDD1-457E-8C03-E6A6A818F3B9/tagIt.app/www/index.html
2014-03-02 12:12:05.901 tagIt[51433:80b] Resetting plugins due to page load.
2014-03-02 12:12:06.134 tagIt[51433:80b] Finished load of: file:///Users/paulrondeau/Library/Application%20Support/iPhone%20Simulator/7.0.3/Applications/7BDDA4CF-CDD1-457E-8C03-E6A6A818F3B9/tagIt.app/www/index.html
2014-03-02 12:12:55.545 tagIt[51813:80b] Multi-tasking -> Device: YES, App: YES
2014-03-02 12:12:55.557 tagIt[51813:80b] Unlimited access to network resources
2014-03-02 12:12:55.816 tagIt[51813:80b] Resetting plugins due to page load.
2014-03-02 12:12:56.195 tagIt[51813:80b] Finished load of: file:///Users/paulrondeau/Library/Application%20Support/iPhone%20Simulator/7.0.3/Applications/7BDDA4CF-CDD1-457E-8C03-E6A6A818F3B9/tagIt.app/www/index.html
